<?xml version="1.0" encoding="UTF-8" ?>
<testsuite tests="5" failures="4" name="Test_Count_Occurrence_utils" time="0.056" errors="0" skipped="0">
  <properties>
[...]
</properties>
  <testcase classname="Test_Count_Occurrence_utils" name="Test_Count_Occurrence_utils.test_Count_Occurrence_withFile_NoignoreCase" time="0.045">
    <failure message="expected: &lt;true&gt; but was: &lt;false&gt;" type="org.opentest4j.AssertionFailedError">org.opentest4j.AssertionFailedError: expected: &lt;true&gt; but was: &lt;false&gt;
	at org.junit.jupiter.api.AssertionFailureBuilder.build(AssertionFailureBuilder.java:151)
	at org.junit.jupiter.api.AssertionFailureBuilder.buildAndThrow(AssertionFailureBuilder.java:132)
	at org.junit.jupiter.api.AssertTrue.failNotTrue(AssertTrue.java:63)
	at org.junit.jupiter.api.AssertTrue.assertTrue(AssertTrue.java:36)
	at org.junit.jupiter.api.AssertTrue.assertTrue(AssertTrue.java:31)
	at org.junit.jupiter.api.Assertions.assertTrue(Assertions.java:180)
	at Test_Count_Occurrence_utils.test_Count_Occurrence_withFile_NoignoreCase(Test_Count_Occurrence_utils.java:64)
</failure>
    <system-out>{}
{that=2, Go=1, well=1, do=2, so=1, thing=1, you=1}
</system-out>
  </testcase>
  <testcase classname="Test_Count_Occurrence_utils" name="Test_Count_Occurrence_utils.test_Count_Occurrence_withFile_differntDelimeter" time="0.004">
    <failure message="expected: &lt;true&gt; but was: &lt;false&gt;" type="org.opentest4j.AssertionFailedError">org.opentest4j.AssertionFailedError: expected: &lt;true&gt; but was: &lt;false&gt;
	at org.junit.jupiter.api.AssertionFailureBuilder.build(AssertionFailureBuilder.java:151)
	at org.junit.jupiter.api.AssertionFailureBuilder.buildAndThrow(AssertionFailureBuilder.java:132)
	at org.junit.jupiter.api.AssertTrue.failNotTrue(AssertTrue.java:63)
	at org.junit.jupiter.api.AssertTrue.assertTrue(AssertTrue.java:36)
	at org.junit.jupiter.api.AssertTrue.assertTrue(AssertTrue.java:31)
	at org.junit.jupiter.api.Assertions.assertTrue(Assertions.java:180)
	at Test_Count_Occurrence_utils.test_Count_Occurrence_withFile_differntDelimeter(Test_Count_Occurrence_utils.java:99)
</failure>
    <system-out>{}
{that=2, Go=1, well=1, do=2, so=1, thing=1, you=1}
</system-out>
  </testcase>
  <testcase classname="Test_Count_Occurrence_utils" name="Test_Count_Occurrence_utils.test_Count_Occurrence" time="0"/>
  <testcase classname="Test_Count_Occurrence_utils" name="Test_Count_Occurrence_utils.test_Count_Occurrence_withFile_ignoreCase" time="0.005">
    <failure message="expected: &lt;true&gt; but was: &lt;false&gt;" type="org.opentest4j.AssertionFailedError">org.opentest4j.AssertionFailedError: expected: &lt;true&gt; but was: &lt;false&gt;
	at org.junit.jupiter.api.AssertionFailureBuilder.build(AssertionFailureBuilder.java:151)
	at org.junit.jupiter.api.AssertionFailureBuilder.buildAndThrow(AssertionFailureBuilder.java:132)
	at org.junit.jupiter.api.AssertTrue.failNotTrue(AssertTrue.java:63)
	at org.junit.jupiter.api.AssertTrue.assertTrue(AssertTrue.java:36)
	at org.junit.jupiter.api.AssertTrue.assertTrue(AssertTrue.java:31)
	at org.junit.jupiter.api.Assertions.assertTrue(Assertions.java:180)
	at Test_Count_Occurrence_utils.test_Count_Occurrence_withFile_ignoreCase(Test_Count_Occurrence_utils.java:49)
</failure>
    <system-out>{}
{that=2, Go=1, well=1, do=2, so=1, thing=1, you=1}
</system-out>
  </testcase>
  <testcase classname="Test_Count_Occurrence_utils" name="Test_Count_Occurrence_utils.test_Count_Occurrence_withFile_withSpace" time="0.002">
    <failure message="expected: &lt;true&gt; but was: &lt;false&gt;" type="org.opentest4j.AssertionFailedError">org.opentest4j.AssertionFailedError: expected: &lt;true&gt; but was: &lt;false&gt;
	at org.junit.jupiter.api.AssertionFailureBuilder.build(AssertionFailureBuilder.java:151)
	at org.junit.jupiter.api.AssertionFailureBuilder.buildAndThrow(AssertionFailureBuilder.java:132)
	at org.junit.jupiter.api.AssertTrue.failNotTrue(AssertTrue.java:63)
	at org.junit.jupiter.api.AssertTrue.assertTrue(AssertTrue.java:36)
	at org.junit.jupiter.api.AssertTrue.assertTrue(AssertTrue.java:31)
	at org.junit.jupiter.api.Assertions.assertTrue(Assertions.java:180)
	at Test_Count_Occurrence_utils.test_Count_Occurrence_withFile_withSpace(Test_Count_Occurrence_utils.java:81)
</failure>
    <system-out>{}
{that=2, Go=1, well=1, do=2, so=1, thing=1, you=1}
</system-out>
  </testcase>
</testsuite>